2026-06-15 16:39:12,468 19121 WARNING ? odoo.tools.config: unknown option 'xmlrpc_port' in the config file at /Users/macbook/Documents/Code/odoo/odoo.conf, option stored as-is, without parsing 
2026-06-15 16:39:12,469 19121 WARNING ? odoo.tools.config: missing --http-interface/http_interface, using 0.0.0.0 by default, will change to 127.0.0.1 in 20.0 
2026-06-15 16:39:12,469 19121 INFO ? odoo: Odoo version 19.0 
2026-06-15 16:39:12,469 19121 INFO ? odoo: Using configuration file at /Users/macbook/Documents/Code/odoo/odoo.conf 
2026-06-15 16:39:12,469 19121 INFO ? odoo: addons paths: _NamespacePath(['/Users/macbook/Documents/Code/odoo/odoo/addons', '/Users/macbook/Library/Application Support/Odoo/addons/19.0', '/Users/macbook/Documents/Code/odoo/addons']) 
2026-06-15 16:39:12,469 19121 INFO ? odoo: database: odoo@localhost:5432 
2026-06-15 16:39:12,596 19121 INFO ? odoo.sql_db: Connection to the database failed 
2026-06-15 16:47:39,207 22544 WARNING ? odoo.tools.config: unknown option 'xmlrpc_port' in the config file at /Users/macbook/Documents/Code/odoo/odoo.conf, option stored as-is, without parsing 
2026-06-15 16:47:39,207 22544 WARNING ? odoo.tools.config: missing --http-interface/http_interface, using 0.0.0.0 by default, will change to 127.0.0.1 in 20.0 
2026-06-15 16:47:39,207 22544 INFO ? odoo: Odoo version 19.0 
2026-06-15 16:47:39,207 22544 INFO ? odoo: Using configuration file at /Users/macbook/Documents/Code/odoo/odoo.conf 
2026-06-15 16:47:39,207 22544 INFO ? odoo: addons paths: _NamespacePath(['/Users/macbook/Documents/Code/odoo/odoo/addons', '/Users/macbook/Library/Application Support/Odoo/addons/19.0', '/Users/macbook/Documents/Code/odoo/addons']) 
2026-06-15 16:47:39,207 22544 INFO ? odoo: database: odoo@localhost:5432 
2026-06-15 16:47:39,827 22544 CRITICAL ? odoo.modules.module: Couldn't load module base 
2026-06-15 16:47:39,827 22544 ERROR ? odoo.service.server: Failed to load server-wide module `base`. 
Traceback (most recent call last):
  File "/Users/macbook/Documents/Code/odoo/odoo/service/server.py", line 1500, in load_server_wide_modules
    load_openerp_module(m)
  File "/Users/macbook/Documents/Code/odoo/odoo/modules/module.py", line 506, in load_openerp_module
    __import__(qualname)
  File "/Users/macbook/Documents/Code/odoo/odoo/addons/base/__init__.py", line 4, in <module>
    from . import models
  File "/Users/macbook/Documents/Code/odoo/odoo/addons/base/models/__init__.py", line 12, in <module>
    from . import ir_actions_report
  File "/Users/macbook/Documents/Code/odoo/odoo/addons/base/models/ir_actions_report.py", line 8, in <module>
    import requests
  File "/Users/macbook/Documents/Code/odoo/odoo/_monkeypatches/__init__.py", line 44, in exec_module
    exec_module(module)
  File "/opt/miniconda3/envs/odoo310/lib/python3.10/site-packages/requests/__init__.py", line 118, in <module>
    from . import utils
  File "/opt/miniconda3/envs/odoo310/lib/python3.10/site-packages/requests/utils.py", line 25, in <module>
    from . import certs
  File "/opt/miniconda3/envs/odoo310/lib/python3.10/site-packages/requests/certs.py", line 15, in <module>
    from certifi import where
ModuleNotFoundError: No module named 'certifi'
2026-06-15 16:47:41,542 22544 CRITICAL ? odoo.modules.module: Couldn't load module web 
2026-06-15 16:47:41,542 22544 ERROR ? odoo.service.server: Failed to load server-wide module `web`.
    The `web` module is provided by the addons found in the `openerp-web` project.
    Maybe you forgot to add those addons in your addons_path configuration. 
Traceback (most recent call last):
  File "/Users/macbook/Documents/Code/odoo/odoo/service/server.py", line 1500, in load_server_wide_modules
    load_openerp_module(m)
  File "/Users/macbook/Documents/Code/odoo/odoo/modules/module.py", line 506, in load_openerp_module
    __import__(qualname)
  File "/Users/macbook/Documents/Code/odoo/addons/web/__init__.py", line 4, in <module>
    from . import controllers
  File "/Users/macbook/Documents/Code/odoo/addons/web/controllers/__init__.py", line 5, in <module>
    from . import database
  File "/Users/macbook/Documents/Code/odoo/addons/web/controllers/database.py", line 19, in <module>
    from odoo.addons.base.models.ir_qweb import render as qweb_render
  File "/Users/macbook/Documents/Code/odoo/odoo/addons/base/__init__.py", line 4, in <module>
    from . import models
  File "/Users/macbook/Documents/Code/odoo/odoo/addons/base/models/__init__.py", line 12, in <module>
    from . import ir_actions_report
  File "/Users/macbook/Documents/Code/odoo/odoo/addons/base/models/ir_actions_report.py", line 8, in <module>
    import requests
  File "/Users/macbook/Documents/Code/odoo/odoo/_monkeypatches/__init__.py", line 44, in exec_module
    exec_module(module)
  File "/opt/miniconda3/envs/odoo310/lib/python3.10/site-packages/requests/__init__.py", line 118, in <module>
    from . import utils
  File "/opt/miniconda3/envs/odoo310/lib/python3.10/site-packages/requests/utils.py", line 25, in <module>
    from . import certs
  File "/opt/miniconda3/envs/odoo310/lib/python3.10/site-packages/requests/certs.py", line 15, in <module>
    from certifi import where
ModuleNotFoundError: No module named 'certifi'
2026-06-15 16:47:41,551 22544 INFO ? odoo.service.server: HTTP service (werkzeug) running on 1.0.0.0.0.0.0.0.0.0.0.0.0.0.0.0.0.0.0.0.0.0.0.0.0.0.0.0.0.0.0.0.ip6.arpa:8069 
2026-06-15 16:47:41,605 22544 ERROR odoo_db odoo.modules.loading: Database odoo_db not initialized, you can force it with `-i base` 
2026-06-15 16:47:41,605 22544 INFO odoo_db odoo.registry: Registry loaded in 0.054s 
2026-06-15 16:48:02,411 22544 INFO odoo_db odoo.service.server: Initiating shutdown 
2026-06-15 16:48:02,412 22544 INFO odoo_db odoo.service.server: Hit CTRL-C again or send a second signal to force the shutdown. 
2026-06-15 16:48:02,591 22544 INFO odoo_db odoo.sql_db: ConnectionPool(read/write;used=0/count=0/max=64): Closed 1 connections  
2026-06-15 16:48:25,959 22603 WARNING ? odoo.tools.config: unknown option 'xmlrpc_port' in the config file at /Users/macbook/Documents/Code/odoo/odoo.conf, option stored as-is, without parsing 
2026-06-15 16:48:25,959 22603 WARNING ? odoo.tools.config: missing --http-interface/http_interface, using 0.0.0.0 by default, will change to 127.0.0.1 in 20.0 
2026-06-15 16:48:25,959 22603 INFO ? odoo: Odoo version 19.0 
2026-06-15 16:48:25,959 22603 INFO ? odoo: Using configuration file at /Users/macbook/Documents/Code/odoo/odoo.conf 
2026-06-15 16:48:25,959 22603 INFO ? odoo: addons paths: _NamespacePath(['/Users/macbook/Documents/Code/odoo/odoo/addons', '/Users/macbook/Library/Application Support/Odoo/addons/19.0', '/Users/macbook/Documents/Code/odoo/addons']) 
2026-06-15 16:48:25,959 22603 INFO ? odoo: database: odoo@localhost:5432 
2026-06-15 16:48:26,429 22603 CRITICAL ? odoo.modules.module: Couldn't load module base 
2026-06-15 16:48:26,429 22603 ERROR ? odoo.service.server: Failed to load server-wide module `base`. 
Traceback (most recent call last):
  File "/Users/macbook/Documents/Code/odoo/odoo/service/server.py", line 1500, in load_server_wide_modules
    load_openerp_module(m)
  File "/Users/macbook/Documents/Code/odoo/odoo/modules/module.py", line 506, in load_openerp_module
    __import__(qualname)
  File "/Users/macbook/Documents/Code/odoo/odoo/addons/base/__init__.py", line 4, in <module>
    from . import models
  File "/Users/macbook/Documents/Code/odoo/odoo/addons/base/models/__init__.py", line 22, in <module>
    from . import ir_mail_server
  File "/Users/macbook/Documents/Code/odoo/odoo/addons/base/models/ir_mail_server.py", line 17, in <module>
    import OpenSSL
  File "/opt/miniconda3/envs/odoo310/lib/python3.10/site-packages/OpenSSL/__init__.py", line 8, in <module>
    from OpenSSL import crypto, SSL
  File "/opt/miniconda3/envs/odoo310/lib/python3.10/site-packages/OpenSSL/crypto.py", line 17, in <module>
    from OpenSSL._util import (
  File "/opt/miniconda3/envs/odoo310/lib/python3.10/site-packages/OpenSSL/_util.py", line 6, in <module>
    from cryptography.hazmat.bindings.openssl.binding import Binding
  File "/opt/miniconda3/envs/odoo310/lib/python3.10/site-packages/cryptography/hazmat/bindings/openssl/binding.py", line 14, in <module>
    from cryptography.hazmat.bindings._openssl import ffi, lib
ModuleNotFoundError: No module named '_cffi_backend'
2026-06-15 16:48:26,441 22603 CRITICAL ? odoo.modules.module: Couldn't load module web 
2026-06-15 16:48:26,441 22603 ERROR ? odoo.service.server: Failed to load server-wide module `web`.
    The `web` module is provided by the addons found in the `openerp-web` project.
    Maybe you forgot to add those addons in your addons_path configuration. 
Traceback (most recent call last):
  File "/Users/macbook/Documents/Code/odoo/odoo/service/server.py", line 1500, in load_server_wide_modules
    load_openerp_module(m)
  File "/Users/macbook/Documents/Code/odoo/odoo/modules/module.py", line 506, in load_openerp_module
    __import__(qualname)
  File "/Users/macbook/Documents/Code/odoo/addons/web/__init__.py", line 4, in <module>
    from . import controllers
  File "/Users/macbook/Documents/Code/odoo/addons/web/controllers/__init__.py", line 5, in <module>
    from . import database
  File "/Users/macbook/Documents/Code/odoo/addons/web/controllers/database.py", line 19, in <module>
    from odoo.addons.base.models.ir_qweb import render as qweb_render
  File "/Users/macbook/Documents/Code/odoo/odoo/addons/base/__init__.py", line 4, in <module>
    from . import models
  File "/Users/macbook/Documents/Code/odoo/odoo/addons/base/models/__init__.py", line 22, in <module>
    from . import ir_mail_server
  File "/Users/macbook/Documents/Code/odoo/odoo/addons/base/models/ir_mail_server.py", line 17, in <module>
    import OpenSSL
  File "/opt/miniconda3/envs/odoo310/lib/python3.10/site-packages/OpenSSL/__init__.py", line 8, in <module>
    from OpenSSL import crypto, SSL
  File "/opt/miniconda3/envs/odoo310/lib/python3.10/site-packages/OpenSSL/crypto.py", line 17, in <module>
    from OpenSSL._util import (
  File "/opt/miniconda3/envs/odoo310/lib/python3.10/site-packages/OpenSSL/_util.py", line 6, in <module>
    from cryptography.hazmat.bindings.openssl.binding import Binding
  File "/opt/miniconda3/envs/odoo310/lib/python3.10/site-packages/cryptography/hazmat/bindings/openssl/binding.py", line 14, in <module>
    from cryptography.hazmat.bindings._openssl import ffi, lib
ModuleNotFoundError: No module named '_cffi_backend'
2026-06-15 16:48:26,467 22603 INFO odoo_db odoo.modules.loading: Initializing database odoo_db 
2026-06-15 16:48:27,246 22603 INFO odoo_db odoo.modules.loading: loading 1 modules... 
2026-06-15 16:48:27,246 22603 INFO odoo_db odoo.modules.loading: Loading module base (1/1) 
2026-06-15 16:48:27,247 22603 CRITICAL odoo_db odoo.modules.module: Couldn't load module base 
2026-06-15 16:48:27,256 22603 INFO odoo_db odoo.modules.loading: skipping reset_modules_state, ir_module_module table does not exists 
2026-06-15 16:48:27,256 22603 ERROR odoo_db odoo.registry: Failed to load registry 
2026-06-15 16:48:27,256 22603 CRITICAL odoo_db odoo.service.server: Failed to initialize database `odoo_db`. 
Traceback (most recent call last):
  File "/Users/macbook/Documents/Code/odoo/odoo/service/server.py", line 1544, in preload_registries
    registry = Registry.new(dbname, update_module=update_module, install_modules=config['init'], upgrade_modules=config['update'], reinit_modules=config['reinit'])
  File "/Users/macbook/Documents/Code/odoo/odoo/tools/func.py", line 88, in locked
    return func(inst, *args, **kwargs)
  File "/Users/macbook/Documents/Code/odoo/odoo/orm/registry.py", line 199, in new
    load_modules(
  File "/Users/macbook/Documents/Code/odoo/odoo/modules/loading.py", line 405, in load_modules
    load_module_graph(
  File "/Users/macbook/Documents/Code/odoo/odoo/modules/loading.py", line 178, in load_module_graph
    load_openerp_module(package.name)
  File "/Users/macbook/Documents/Code/odoo/odoo/modules/module.py", line 506, in load_openerp_module
    __import__(qualname)
  File "/Users/macbook/Documents/Code/odoo/odoo/addons/base/__init__.py", line 4, in <module>
    from . import models
  File "/Users/macbook/Documents/Code/odoo/odoo/addons/base/models/__init__.py", line 22, in <module>
    from . import ir_mail_server
  File "/Users/macbook/Documents/Code/odoo/odoo/addons/base/models/ir_mail_server.py", line 17, in <module>
    import OpenSSL
  File "/opt/miniconda3/envs/odoo310/lib/python3.10/site-packages/OpenSSL/__init__.py", line 8, in <module>
    from OpenSSL import crypto, SSL
  File "/opt/miniconda3/envs/odoo310/lib/python3.10/site-packages/OpenSSL/crypto.py", line 17, in <module>
    from OpenSSL._util import (
  File "/opt/miniconda3/envs/odoo310/lib/python3.10/site-packages/OpenSSL/_util.py", line 6, in <module>
    from cryptography.hazmat.bindings.openssl.binding import Binding
  File "/opt/miniconda3/envs/odoo310/lib/python3.10/site-packages/cryptography/hazmat/bindings/openssl/binding.py", line 14, in <module>
    from cryptography.hazmat.bindings._openssl import ffi, lib
ModuleNotFoundError: No module named '_cffi_backend'
2026-06-15 16:48:27,257 22603 INFO odoo_db odoo.service.server: Initiating shutdown 
2026-06-15 16:48:27,257 22603 INFO odoo_db odoo.service.server: Hit CTRL-C again or send a second signal to force the shutdown. 
2026-06-15 16:48:27,257 22603 INFO odoo_db odoo.sql_db: ConnectionPool(read/write;used=0/count=0/max=64): Closed 1 connections  
2026-06-15 16:51:47,463 22804 WARNING ? odoo.tools.config: unknown option 'xmlrpc_port' in the config file at /Users/macbook/Documents/Code/odoo/odoo.conf, option stored as-is, without parsing 
2026-06-15 16:51:47,463 22804 WARNING ? odoo.tools.config: missing --http-interface/http_interface, using 0.0.0.0 by default, will change to 127.0.0.1 in 20.0 
2026-06-15 16:51:47,464 22804 INFO ? odoo: Odoo version 19.0 
2026-06-15 16:51:47,464 22804 INFO ? odoo: Using configuration file at /Users/macbook/Documents/Code/odoo/odoo.conf 
2026-06-15 16:51:47,464 22804 INFO ? odoo: addons paths: _NamespacePath(['/Users/macbook/Documents/Code/odoo/odoo/addons', '/Users/macbook/Library/Application Support/Odoo/addons/19.0', '/Users/macbook/Documents/Code/odoo/addons']) 
2026-06-15 16:51:47,464 22804 INFO ? odoo: database: odoo@localhost:5432 
2026-06-15 16:51:48,182 22804 INFO odoo_db odoo.modules.loading: Initializing database odoo_db 
2026-06-15 16:51:48,861 22804 INFO odoo_db odoo.modules.loading: loading 1 modules... 
2026-06-15 16:51:48,862 22804 INFO odoo_db odoo.modules.loading: Loading module base (1/1) 
2026-06-15 16:51:48,874 22804 INFO odoo_db odoo.registry: module base: creating or updating database tables 
2026-06-15 16:51:48,968 22804 INFO odoo_db odoo.models: Prepare computation of ir.module.module.menus_by_module 
2026-06-15 16:51:48,968 22804 INFO odoo_db odoo.models: Prepare computation of ir.module.module.reports_by_module 
2026-06-15 16:51:48,968 22804 INFO odoo_db odoo.models: Prepare computation of ir.module.module.views_by_module 
2026-06-15 16:51:48,993 22804 INFO odoo_db odoo.models: Prepare computation of res.partner.user_id 
2026-06-15 16:51:48,993 22804 INFO odoo_db odoo.models: Prepare computation of res.partner.commercial_partner_id 
2026-06-15 16:51:48,993 22804 INFO odoo_db odoo.models: Prepare computation of res.partner.complete_name 
2026-06-15 16:51:48,993 22804 INFO odoo_db odoo.models: Prepare computation of res.partner.lang 
2026-06-15 16:51:48,993 22804 INFO odoo_db odoo.models: Prepare computation of res.partner.company_registry 
2026-06-15 16:51:48,993 22804 INFO odoo_db odoo.models: Prepare computation of res.partner.commercial_company_name 
2026-06-15 16:51:48,993 22804 INFO odoo_db odoo.models: Prepare computation of res.partner.properties 
2026-06-15 16:51:48,993 22804 INFO odoo_db odoo.models: Prepare computation of res.partner.partner_share 
2026-06-15 16:51:49,001 22804 INFO odoo_db odoo.models: Prepare computation of res.currency.decimal_places 
2026-06-15 16:51:49,007 22804 INFO odoo_db odoo.models: Prepare computation of res.company.uses_default_logo 
2026-06-15 16:51:49,007 22804 INFO odoo_db odoo.models: Prepare computation of res.company.logo_web 
2026-06-15 16:51:49,007 22804 INFO odoo_db odoo.models: Computing parent_path for table res_company... 
2026-06-15 16:51:49,015 22804 INFO odoo_db odoo.models: Prepare computation of res.users.signature 
2026-06-15 16:51:49,015 22804 INFO odoo_db odoo.models: Prepare computation of res.users.share 
2026-06-15 16:51:49,433 22804 INFO odoo_db odoo.modules.loading: loading base/data/res_bank.xml 
2026-06-15 16:51:49,436 22804 INFO odoo_db odoo.modules.loading: loading base/data/res.lang.csv 
2026-06-15 16:51:49,452 22804 INFO odoo_db odoo.modules.loading: loading base/data/res_lang_data.xml 
2026-06-15 16:51:49,468 22804 INFO odoo_db odoo.modules.loading: loading base/data/res_partner_data.xml 
2026-06-15 16:51:49,485 22804 INFO odoo_db odoo.modules.loading: loading base/data/res_currency_data.xml 
2026-06-15 16:51:49,610 22804 INFO odoo_db odoo.modules.loading: loading base/data/res_company_data.xml 
2026-06-15 16:51:49,613 22804 INFO odoo_db odoo.modules.loading: loading base/data/res_users_data.xml 
2026-06-15 16:51:49,817 22804 INFO odoo_db odoo.modules.loading: loading base/data/report_paperformat_data.xml 
2026-06-15 16:51:49,821 22804 INFO odoo_db odoo.modules.loading: loading base/data/res_country_data.xml 
2026-06-15 16:51:49,979 22804 INFO odoo_db odoo.modules.loading: loading base/data/ir_demo_data.xml 
2026-06-15 16:51:49,986 22804 INFO odoo_db odoo.modules.loading: loading base/security/base_groups.xml 
2026-06-15 16:51:50,058 22804 INFO odoo_db odoo.modules.loading: loading base/security/base_security.xml 
2026-06-15 16:51:50,096 22804 INFO odoo_db odoo.modules.loading: loading base/wizard/wizard_ir_model_menu_create_views.xml 
2026-06-15 16:51:50,099 22804 INFO odoo_db odoo.modules.loading: loading base/views/base_menus.xml 
2026-06-15 16:51:50,115 22804 INFO odoo_db odoo.modules.loading: loading base/views/decimal_precision_views.xml 
2026-06-15 16:51:50,121 22804 INFO odoo_db odoo.modules.loading: loading base/views/res_config_views.xml 
2026-06-15 16:51:50,123 22804 INFO odoo_db odoo.modules.loading: loading base/data/res.country.state.csv 
2026-06-15 16:51:50,219 22804 INFO odoo_db odoo.modules.loading: loading base/views/ir_actions_views.xml 
2026-06-15 16:51:50,263 22804 INFO odoo_db odoo.modules.loading: loading base/views/ir_asset_views.xml 
2026-06-15 16:51:50,268 22804 INFO odoo_db odoo.modules.loading: loading base/views/ir_config_parameter_views.xml 
2026-06-15 16:51:50,273 22804 INFO odoo_db odoo.modules.loading: loading base/views/ir_cron_views.xml 
2026-06-15 16:51:50,282 22804 INFO odoo_db odoo.modules.loading: loading base/views/ir_cron_trigger_views.xml 
2026-06-15 16:51:50,287 22804 INFO odoo_db odoo.modules.loading: loading base/views/ir_filters_views.xml 
2026-06-15 16:51:50,294 22804 INFO odoo_db odoo.modules.loading: loading base/views/ir_mail_server_views.xml 
2026-06-15 16:51:50,300 22804 INFO odoo_db odoo.modules.loading: loading base/views/ir_model_views.xml 
2026-06-15 16:51:50,341 22804 INFO odoo_db odoo.modules.loading: loading base/views/ir_attachment_views.xml 
2026-06-15 16:51:50,347 22804 INFO odoo_db odoo.modules.loading: loading base/views/ir_rule_views.xml 
2026-06-15 16:51:50,353 22804 INFO odoo_db odoo.modules.loading: loading base/views/ir_sequence_views.xml 
2026-06-15 16:51:50,360 22804 INFO odoo_db odoo.modules.loading: loading base/views/ir_ui_menu_views.xml 
2026-06-15 16:51:50,366 22804 INFO odoo_db odoo.modules.loading: loading base/views/ir_ui_view_views.xml 
2026-06-15 16:51:50,380 22804 INFO odoo_db odoo.modules.loading: loading base/views/ir_default_views.xml 
2026-06-15 16:51:50,386 22804 INFO odoo_db odoo.modules.loading: loading base/data/ir_config_parameter_data.xml 
2026-06-15 16:51:50,387 22804 INFO odoo_db odoo.modules.loading: loading base/data/ir_cron_data.xml 
2026-06-15 16:51:50,391 22804 INFO odoo_db odoo.modules.loading: loading base/report/ir_model_report.xml 
2026-06-15 16:51:50,392 22804 INFO odoo_db odoo.modules.loading: loading base/report/ir_model_templates.xml 
2026-06-15 16:51:50,395 22804 INFO odoo_db odoo.modules.loading: loading base/views/ir_logging_views.xml 
2026-06-15 16:51:50,401 22804 INFO odoo_db odoo.modules.loading: loading base/views/ir_qweb_widget_templates.xml 
2026-06-15 16:51:50,405 22804 INFO odoo_db odoo.modules.loading: loading base/views/ir_module_views.xml 
2026-06-15 16:51:50,421 22804 INFO odoo_db odoo.modules.loading: loading base/data/ir_module_category_data.xml 
2026-06-15 16:51:50,432 22804 INFO odoo_db odoo.modules.loading: loading base/data/ir_module_module.xml 
2026-06-15 16:51:50,449 22804 INFO odoo_db odoo.modules.loading: loading base/report/ir_module_reports.xml 
2026-06-15 16:51:50,450 22804 INFO odoo_db odoo.modules.loading: loading base/report/ir_module_report_templates.xml 
2026-06-15 16:51:50,452 22804 INFO odoo_db odoo.modules.loading: loading base/wizard/base_module_update_views.xml 
2026-06-15 16:51:50,456 22804 INFO odoo_db odoo.modules.loading: loading base/wizard/base_language_install_views.xml 
2026-06-15 16:51:50,460 22804 INFO odoo_db odoo.modules.loading: loading base/wizard/base_import_language_views.xml 
2026-06-15 16:51:50,465 22804 INFO odoo_db odoo.modules.loading: loading base/wizard/base_module_upgrade_views.xml 
2026-06-15 16:51:50,470 22804 INFO odoo_db odoo.modules.loading: loading base/wizard/base_module_uninstall_views.xml 
2026-06-15 16:51:50,472 22804 INFO odoo_db odoo.modules.loading: loading base/wizard/base_export_language_views.xml 
2026-06-15 16:51:50,476 22804 INFO odoo_db odoo.modules.loading: loading base/wizard/base_partner_merge_views.xml 
2026-06-15 16:51:50,480 22804 INFO odoo_db odoo.modules.loading: loading base/data/ir_demo_failure_data.xml 
2026-06-15 16:51:50,485 22804 INFO odoo_db odoo.modules.loading: loading base/views/ir_profile_views.xml 
2026-06-15 16:51:50,491 22804 INFO odoo_db odoo.modules.loading: loading base/views/res_company_views.xml 
2026-06-15 16:51:50,498 22804 INFO odoo_db odoo.modules.loading: loading base/views/res_lang_views.xml 
2026-06-15 16:51:50,503 22804 INFO odoo_db odoo.modules.loading: loading base/views/res_partner_views.xml 
2026-06-15 16:51:50,529 22804 INFO odoo_db odoo.modules.loading: loading base/views/res_bank_views.xml 
2026-06-15 16:51:50,539 22804 INFO odoo_db odoo.modules.loading: loading base/views/res_country_views.xml 
2026-06-15 16:51:50,551 22804 INFO odoo_db odoo.modules.loading: loading base/views/res_currency_views.xml 
2026-06-15 16:51:50,561 22804 INFO odoo_db odoo.modules.loading: loading base/views/res_groups_views.xml 
2026-06-15 16:51:50,574 22804 INFO odoo_db odoo.modules.loading: loading base/views/res_users_views.xml 
2026-06-15 16:51:50,602 22804 INFO odoo_db odoo.modules.loading: loading base/views/res_users_apikeys_views.xml 
2026-06-15 16:51:50,604 22804 INFO odoo_db odoo.modules.loading: loading base/views/res_device_views.xml 
2026-06-15 16:51:50,610 22804 INFO odoo_db odoo.modules.loading: loading base/views/res_users_identitycheck_views.xml 
2026-06-15 16:51:50,612 22804 INFO odoo_db odoo.modules.loading: loading base/views/res_config_settings_views.xml 
2026-06-15 16:51:50,614 22804 INFO odoo_db odoo.modules.loading: loading base/views/report_paperformat_views.xml 
2026-06-15 16:51:50,623 22804 INFO odoo_db odoo.modules.loading: loading base/security/ir.model.access.csv 
2026-06-15 16:51:50,673 22804 INFO odoo_db odoo.modules.loading: Module base loaded in 1.81s, 8404 queries (+8404 other) 
2026-06-15 16:51:50,673 22804 INFO odoo_db odoo.modules.loading: 1 modules loaded in 1.81s, 8404 queries (+8404 extra) 
2026-06-15 16:51:50,678 22804 INFO odoo_db odoo.modules.loading: updating modules list 
2026-06-15 16:51:50,679 22804 INFO odoo_db odoo.addons.base.models.ir_module: ALLOW access to module.update_list on [] to user __system__ #1 via n/a 
2026-06-15 16:51:51,020 22804 INFO odoo_db odoo.modules.loading: loading 14 modules... 
2026-06-15 16:51:51,020 22804 INFO odoo_db odoo.modules.loading: Loading module rpc (2/14) 
2026-06-15 16:51:51,025 22804 INFO odoo_db odoo.modules.loading: Module rpc loaded in 0.01s, 9 queries (+9 other) 
2026-06-15 16:51:51,025 22804 INFO odoo_db odoo.modules.loading: Loading module web (3/14) 
2026-06-15 16:51:51,038 22804 INFO odoo_db odoo.registry: module web: creating or updating database tables 
2026-06-15 16:51:51,171 22804 INFO odoo_db odoo.modules.loading: loading web/security/ir.model.access.csv 
2026-06-15 16:51:51,174 22804 INFO odoo_db odoo.modules.loading: loading web/security/web_security.xml 
2026-06-15 16:51:51,178 22804 INFO odoo_db odoo.modules.loading: loading web/views/webclient_templates.xml 
2026-06-15 16:51:51,194 22804 INFO odoo_db odoo.modules.loading: loading web/views/report_templates.xml 
2026-06-15 16:51:51,221 22804 INFO odoo_db odoo.modules.loading: loading web/views/base_document_layout_views.xml 
2026-06-15 16:51:51,225 22804 INFO odoo_db odoo.modules.loading: loading web/views/partner_view.xml 
2026-06-15 16:51:51,228 22804 INFO odoo_db odoo.modules.loading: loading web/views/speedscope_template.xml 
2026-06-15 16:51:51,229 22804 INFO odoo_db odoo.modules.loading: loading web/views/memory_template.xml 
2026-06-15 16:51:51,232 22804 INFO odoo_db odoo.modules.loading: loading web/views/speedscope_config_wizard.xml 
2026-06-15 16:51:51,234 22804 INFO odoo_db odoo.modules.loading: loading web/views/neutralize_views.xml 
2026-06-15 16:51:51,236 22804 INFO odoo_db odoo.modules.loading: loading web/views/ir_ui_view_views.xml 
2026-06-15 16:51:51,239 22804 INFO odoo_db odoo.modules.loading: loading web/data/ir_attachment.xml 
2026-06-15 16:51:51,241 22804 INFO odoo_db odoo.modules.loading: loading web/data/report_layout.xml 
2026-06-15 16:51:51,255 22804 INFO odoo_db odoo.modules.loading: Module web loaded in 0.23s, 1232 queries (+1232 other) 
2026-06-15 16:51:51,255 22804 INFO odoo_db odoo.modules.loading: Loading module api_doc (4/14) 
2026-06-15 16:51:51,260 22804 INFO odoo_db odoo.registry: module api_doc: creating or updating database tables 
2026-06-15 16:51:51,266 22804 INFO odoo_db odoo.modules.loading: loading api_doc/security/res_groups.xml 
2026-06-15 16:51:51,273 22804 INFO odoo_db odoo.modules.loading: loading api_doc/views/docclient.xml 
2026-06-15 16:51:51,278 22804 INFO odoo_db odoo.modules.loading: Module api_doc loaded in 0.02s, 63 queries (+63 other) 
2026-06-15 16:51:51,278 22804 INFO odoo_db odoo.modules.loading: Loading module auth_totp (5/14) 
2026-06-15 16:51:51,289 22804 INFO odoo_db odoo.registry: module auth_totp: creating or updating database tables 
2026-06-15 16:51:51,309 22804 INFO odoo_db odoo.modules.loading: loading auth_totp/security/security.xml 
2026-06-15 16:51:51,316 22804 INFO odoo_db odoo.modules.loading: loading auth_totp/security/ir.model.access.csv 
2026-06-15 16:51:51,318 22804 INFO odoo_db odoo.modules.loading: loading auth_totp/data/ir_action_data.xml 
2026-06-15 16:51:51,320 22804 INFO odoo_db odoo.modules.loading: loading auth_totp/views/res_users_views.xml 
2026-06-15 16:51:51,330 22804 INFO odoo_db odoo.modules.loading: loading auth_totp/views/templates.xml 
2026-06-15 16:51:51,332 22804 INFO odoo_db odoo.modules.loading: loading auth_totp/wizard/auth_totp_wizard_views.xml 
2026-06-15 16:51:51,338 22804 INFO odoo_db odoo.modules.loading: Module auth_totp loaded in 0.06s, 218 queries (+218 other) 
2026-06-15 16:51:51,338 22804 INFO odoo_db odoo.modules.loading: Loading module base_import (6/14) 
2026-06-15 16:51:51,357 22804 INFO odoo_db odoo.registry: module base_import: creating or updating database tables 
2026-06-15 16:51:51,483 22804 INFO odoo_db odoo.modules.loading: loading base_import/security/ir.model.access.csv 
2026-06-15 16:51:51,488 22804 INFO odoo_db odoo.modules.loading: Module base_import loaded in 0.15s, 956 queries (+956 other) 
2026-06-15 16:51:51,488 22804 INFO odoo_db odoo.modules.loading: Loading module base_import_module (7/14) 
2026-06-15 16:51:51,496 22804 INFO odoo_db odoo.registry: module base_import_module: creating or updating database tables 
2026-06-15 16:51:51,514 22804 INFO odoo_db odoo.modules.loading: loading base_import_module/security/ir.model.access.csv 
2026-06-15 16:51:51,516 22804 INFO odoo_db odoo.modules.loading: loading base_import_module/views/base_import_module_view.xml 
2026-06-15 16:51:51,522 22804 INFO odoo_db odoo.modules.loading: loading base_import_module/views/ir_module_views.xml 
2026-06-15 16:51:51,535 22804 INFO odoo_db odoo.modules.loading: Module base_import_module loaded in 0.05s, 172 queries (+172 other) 
2026-06-15 16:51:51,535 22804 INFO odoo_db odoo.modules.loading: Loading module base_setup (8/14) 
2026-06-15 16:51:51,542 22804 INFO odoo_db odoo.registry: module base_setup: creating or updating database tables 
2026-06-15 16:51:51,556 22804 INFO odoo_db odoo.modules.loading: loading base_setup/data/base_setup_data.xml 
2026-06-15 16:51:51,557 22804 INFO odoo_db odoo.modules.loading: loading base_setup/views/res_config_settings_views.xml 
2026-06-15 16:51:51,567 22804 INFO odoo_db odoo.modules.loading: loading base_setup/views/res_partner_views.xml 
2026-06-15 16:51:51,574 22804 INFO odoo_db odoo.modules.loading: Module base_setup loaded in 0.04s, 152 queries (+152 other) 
2026-06-15 16:51:51,574 22804 INFO odoo_db odoo.modules.loading: Loading module bus (9/14) 
2026-06-15 16:51:51,590 22804 INFO odoo_db odoo.registry: module bus: creating or updating database tables 
2026-06-15 16:51:51,619 22804 INFO odoo_db odoo.modules.loading: loading bus/security/ir.model.access.csv 
2026-06-15 16:51:51,623 22804 INFO odoo_db odoo.modules.loading: Module bus loaded in 0.05s, 155 queries (+155 other) 
2026-06-15 16:51:51,623 22804 INFO odoo_db odoo.modules.loading: Loading module web_tour (10/14) 
2026-06-15 16:51:51,628 22804 INFO odoo_db odoo.registry: module web_tour: creating or updating database tables 
2026-06-15 16:51:51,629 22804 INFO odoo_db odoo.models: Prepare computation of res.users.tour_enabled 
2026-06-15 16:51:51,652 22804 INFO odoo_db odoo.modules.loading: loading web_tour/security/ir.model.access.csv 
2026-06-15 16:51:51,655 22804 INFO odoo_db odoo.modules.loading: loading web_tour/views/tour_views.xml 
2026-06-15 16:51:51,668 22804 INFO odoo_db odoo.modules.loading: Module web_tour loaded in 0.04s, 180 queries (+180 other) 
2026-06-15 16:51:51,668 22804 INFO odoo_db odoo.modules.loading: Loading module auth_passkey (11/14) 
2026-06-15 16:51:52,156 22804 INFO odoo_db odoo.registry: module auth_passkey: creating or updating database tables 
2026-06-15 16:51:52,208 22804 INFO odoo_db odoo.modules.loading: loading auth_passkey/views/auth_passkey_key_views.xml 
2026-06-15 16:51:52,219 22804 INFO odoo_db odoo.modules.loading: loading auth_passkey/views/auth_passkey_login_templates.xml 
2026-06-15 16:51:52,224 22804 INFO odoo_db odoo.modules.loading: loading auth_passkey/views/res_users_identitycheck_views.xml 
2026-06-15 16:51:52,229 22804 INFO odoo_db odoo.modules.loading: loading auth_passkey/views/res_users_views.xml 
2026-06-15 16:51:52,238 22804 INFO odoo_db odoo.modules.loading: loading auth_passkey/security/ir.model.access.csv 
2026-06-15 16:51:52,242 22804 INFO odoo_db odoo.modules.loading: loading auth_passkey/security/security.xml 
2026-06-15 16:51:52,255 22804 INFO odoo_db odoo.modules.loading: Module auth_passkey loaded in 0.59s, 218 queries (+218 other) 
2026-06-15 16:51:52,255 22804 INFO odoo_db odoo.modules.loading: Loading module html_editor (12/14) 
2026-06-15 16:51:52,266 22804 CRITICAL odoo_db odoo.modules.module: Couldn't load module html_editor 
2026-06-15 16:51:52,268 22804 WARNING odoo_db odoo.modules.loading: Transient module states were reset 
2026-06-15 16:51:52,268 22804 ERROR odoo_db odoo.registry: Failed to load registry 
2026-06-15 16:51:52,268 22804 CRITICAL odoo_db odoo.service.server: Failed to initialize database `odoo_db`. 
Traceback (most recent call last):
  File "/Users/macbook/Documents/Code/odoo/odoo/service/server.py", line 1544, in preload_registries
    registry = Registry.new(dbname, update_module=update_module, install_modules=config['init'], upgrade_modules=config['update'], reinit_modules=config['reinit'])
  File "/Users/macbook/Documents/Code/odoo/odoo/tools/func.py", line 88, in locked
    return func(inst, *args, **kwargs)
  File "/Users/macbook/Documents/Code/odoo/odoo/orm/registry.py", line 199, in new
    load_modules(
  File "/Users/macbook/Documents/Code/odoo/odoo/modules/loading.py", line 464, in load_modules
    load_module_graph(
  File "/Users/macbook/Documents/Code/odoo/odoo/modules/loading.py", line 178, in load_module_graph
    load_openerp_module(package.name)
  File "/Users/macbook/Documents/Code/odoo/odoo/modules/module.py", line 506, in load_openerp_module
    __import__(qualname)
  File "/Users/macbook/Documents/Code/odoo/addons/html_editor/__init__.py", line 1, in <module>
    from . import models
  File "/Users/macbook/Documents/Code/odoo/addons/html_editor/models/__init__.py", line 10, in <module>
    from . import html_field_history_mixin
  File "/Users/macbook/Documents/Code/odoo/addons/html_editor/models/html_field_history_mixin.py", line 6, in <module>
    from .diff_utils import apply_patch, generate_comparison, generate_patch, generate_unified_diff
  File "/Users/macbook/Documents/Code/odoo/addons/html_editor/models/diff_utils.py", line 6, in <module>
    from bs4 import BeautifulSoup
  File "/Users/macbook/Documents/Code/odoo/odoo/_monkeypatches/__init__.py", line 49, in find_spec
    raise ImportError(f"Could not load the module {fullname!r} to patch")
ImportError: Could not load the module 'bs4' to patch
2026-06-15 16:51:52,270 22804 INFO odoo_db odoo.service.server: Initiating shutdown 
2026-06-15 16:51:52,270 22804 INFO odoo_db odoo.service.server: Hit CTRL-C again or send a second signal to force the shutdown. 
2026-06-15 16:51:52,270 22804 INFO odoo_db odoo.sql_db: ConnectionPool(read/write;used=0/count=0/max=64): Closed 1 connections  
2026-06-15 16:52:03,966 22832 WARNING ? odoo.tools.config: unknown option 'xmlrpc_port' in the config file at /Users/macbook/Documents/Code/odoo/odoo.conf, option stored as-is, without parsing 
2026-06-15 16:52:03,966 22832 WARNING ? odoo.tools.config: missing --http-interface/http_interface, using 0.0.0.0 by default, will change to 127.0.0.1 in 20.0 
2026-06-15 16:52:03,966 22832 INFO ? odoo: Odoo version 19.0 
2026-06-15 16:52:03,966 22832 INFO ? odoo: Using configuration file at /Users/macbook/Documents/Code/odoo/odoo.conf 
2026-06-15 16:52:03,966 22832 INFO ? odoo: addons paths: _NamespacePath(['/Users/macbook/Documents/Code/odoo/odoo/addons', '/Users/macbook/Library/Application Support/Odoo/addons/19.0', '/Users/macbook/Documents/Code/odoo/addons']) 
2026-06-15 16:52:03,966 22832 INFO ? odoo: database: odoo@localhost:5432 
2026-06-15 16:52:04,116 22832 INFO ? odoo.service.server: HTTP service (werkzeug) running on 1.0.0.0.0.0.0.0.0.0.0.0.0.0.0.0.0.0.0.0.0.0.0.0.0.0.0.0.0.0.0.0.ip6.arpa:8069 
2026-06-15 16:52:04,138 22832 INFO odoo_db odoo.modules.loading: loading 1 modules... 
2026-06-15 16:52:04,140 22832 INFO odoo_db odoo.modules.loading: 1 modules loaded in 0.00s, 0 queries (+0 extra) 
2026-06-15 16:52:04,152 22832 INFO odoo_db odoo.modules.loading: updating modules list 
2026-06-15 16:52:04,154 22832 INFO odoo_db odoo.addons.base.models.ir_module: ALLOW access to module.update_list on [] to user __system__ #1 via n/a 
2026-06-15 16:52:04,894 22832 INFO odoo_db odoo.modules.loading: loading 11 modules... 
2026-06-15 16:52:04,936 22832 INFO odoo_db odoo.modules.loading: 11 modules loaded in 0.04s, 0 queries (+0 extra) 
2026-06-15 16:52:05,019 22832 INFO odoo_db odoo.modules.loading: Modules loaded. 
2026-06-15 16:52:05,023 22832 INFO odoo_db odoo.registry: Registry changed, signaling through the database 
2026-06-15 16:52:05,023 22832 INFO odoo_db odoo.registry: Registry loaded in 0.907s 
2026-06-15 16:52:43,246 22832 INFO odoo_db odoo.service.server: Initiating shutdown 
2026-06-15 16:52:43,247 22832 INFO odoo_db odoo.service.server: Hit CTRL-C again or send a second signal to force the shutdown. 
2026-06-15 16:52:43,697 22832 INFO odoo_db odoo.sql_db: ConnectionPool(read/write;used=0/count=0/max=64): Closed 3 connections  
2026-06-15 16:53:13,468 22890 WARNING ? odoo.tools.config: unknown option 'xmlrpc_port' in the config file at /Users/macbook/Documents/Code/odoo/odoo.conf, option stored as-is, without parsing 
2026-06-15 16:53:13,469 22890 WARNING ? odoo.tools.config: missing --http-interface/http_interface, using 0.0.0.0 by default, will change to 127.0.0.1 in 20.0 
2026-06-15 16:53:13,469 22890 INFO ? odoo: Odoo version 19.0 
2026-06-15 16:53:13,469 22890 INFO ? odoo: Using configuration file at /Users/macbook/Documents/Code/odoo/odoo.conf 
2026-06-15 16:53:13,469 22890 INFO ? odoo: addons paths: _NamespacePath(['/Users/macbook/Documents/Code/odoo/odoo/addons', '/Users/macbook/Library/Application Support/Odoo/addons/19.0', '/Users/macbook/Documents/Code/odoo/addons']) 
2026-06-15 16:53:13,469 22890 INFO ? odoo: database: odoo@localhost:5432 
2026-06-15 16:53:13,688 22890 INFO odoo_db odoo.modules.loading: loading 1 modules... 
2026-06-15 16:53:13,690 22890 INFO odoo_db odoo.modules.loading: 1 modules loaded in 0.00s, 0 queries (+0 extra) 
2026-06-15 16:53:13,704 22890 INFO odoo_db odoo.modules.loading: updating modules list 
2026-06-15 16:53:13,705 22890 INFO odoo_db odoo.addons.base.models.ir_module: ALLOW access to module.update_list on [] to user __system__ #1 via n/a 
2026-06-15 16:53:14,405 22890 INFO odoo_db odoo.modules.loading: loading 11 modules... 
2026-06-15 16:53:14,447 22890 INFO odoo_db odoo.modules.loading: 11 modules loaded in 0.04s, 0 queries (+0 extra) 
2026-06-15 16:53:14,543 22890 INFO odoo_db odoo.modules.loading: Modules loaded. 
2026-06-15 16:53:14,548 22890 INFO odoo_db odoo.registry: Registry changed, signaling through the database 
2026-06-15 16:53:14,548 22890 INFO odoo_db odoo.registry: Registry loaded in 0.894s 
2026-06-15 16:53:14,548 22890 INFO odoo_db odoo.service.server: Initiating shutdown 
2026-06-15 16:53:14,548 22890 INFO odoo_db odoo.service.server: Hit CTRL-C again or send a second signal to force the shutdown. 
2026-06-15 16:53:14,548 22890 INFO odoo_db odoo.sql_db: ConnectionPool(read/write;used=0/count=0/max=64): Closed 1 connections  
